C:\USERS\ANDREW BORG CARDONA\MY CODING\C++\ANDGINE\SOLUTION\DEBUG\ANDGINE.EXE
C:\Users\Andrew Borg Cardona\My Coding\C++\ANDgine\Solution\Debug\ANDGine.pdb
C:\Users\Andrew Borg Cardona\My Coding\C++\ANDgine\Solution\Lab_1\Debug\ANDGine.exe.intermediate.manifest
C:\USERS\ANDREW BORG CARDONA\MY CODING\C++\ANDGINE\SOLUTION\LAB_1\DEBUG\CAMERA.OBJ
C:\Users\Andrew Borg Cardona\My Coding\C++\ANDgine\Solution\Lab_1\Debug\cl.command.1.tlog
C:\Users\Andrew Borg Cardona\My Coding\C++\ANDgine\Solution\Lab_1\Debug\CL.read.1.tlog
C:\Users\Andrew Borg Cardona\My Coding\C++\ANDgine\Solution\Lab_1\Debug\CL.write.1.tlog
C:\USERS\ANDREW BORG CARDONA\MY CODING\C++\ANDGINE\SOLUTION\LAB_1\DEBUG\COLLISIONMANAGER.OBJ
C:\USERS\ANDREW BORG CARDONA\MY CODING\C++\ANDGINE\SOLUTION\LAB_1\DEBUG\CONTAINERNODE.OBJ
C:\USERS\ANDREW BORG CARDONA\MY CODING\C++\ANDGINE\SOLUTION\LAB_1\DEBUG\GAMEOBJECTNODE.OBJ
C:\USERS\ANDREW BORG CARDONA\MY CODING\C++\ANDGINE\SOLUTION\LAB_1\DEBUG\HEIGHTMAPMODEL.OBJ
C:\USERS\ANDREW BORG CARDONA\MY CODING\C++\ANDGINE\SOLUTION\LAB_1\DEBUG\INPUTMANAGER.OBJ
C:\USERS\ANDREW BORG CARDONA\MY CODING\C++\ANDGINE\SOLUTION\LAB_1\DEBUG\LIGHTINGMANAGER.OBJ
C:\Users\Andrew Borg Cardona\My Coding\C++\ANDgine\Solution\Lab_1\Debug\link.command.1.tlog
C:\Users\Andrew Borg Cardona\My Coding\C++\ANDgine\Solution\Lab_1\Debug\link.read.1.tlog
C:\Users\Andrew Borg Cardona\My Coding\C++\ANDgine\Solution\Lab_1\Debug\link.write.1.tlog
C:\USERS\ANDREW BORG CARDONA\MY CODING\C++\ANDGINE\SOLUTION\LAB_1\DEBUG\MAIN.OBJ
C:\USERS\ANDREW BORG CARDONA\MY CODING\C++\ANDGINE\SOLUTION\LAB_1\DEBUG\MATH.OBJ
C:\USERS\ANDREW BORG CARDONA\MY CODING\C++\ANDGINE\SOLUTION\LAB_1\DEBUG\MODEL.OBJ
C:\Users\Andrew Borg Cardona\My Coding\C++\ANDgine\Solution\Lab_1\Debug\mt.command.1.tlog
C:\Users\Andrew Borg Cardona\My Coding\C++\ANDgine\Solution\Lab_1\Debug\mt.read.1.tlog
C:\Users\Andrew Borg Cardona\My Coding\C++\ANDgine\Solution\Lab_1\Debug\mt.write.1.tlog
C:\USERS\ANDREW BORG CARDONA\MY CODING\C++\ANDGINE\SOLUTION\LAB_1\DEBUG\PLAYERNODE.OBJ
C:\USERS\ANDREW BORG CARDONA\MY CODING\C++\ANDGINE\SOLUTION\LAB_1\DEBUG\RESOURCEMANAGER.OBJ
C:\USERS\ANDREW BORG CARDONA\MY CODING\C++\ANDGINE\SOLUTION\LAB_1\DEBUG\SCENEMANAGER.OBJ
C:\USERS\ANDREW BORG CARDONA\MY CODING\C++\ANDGINE\SOLUTION\LAB_1\DEBUG\SCENENODE.OBJ
C:\USERS\ANDREW BORG CARDONA\MY CODING\C++\ANDGINE\SOLUTION\LAB_1\DEBUG\SOUNDMANAGER.OBJ
C:\USERS\ANDREW BORG CARDONA\MY CODING\C++\ANDGINE\SOLUTION\LAB_1\DEBUG\TEXTURERESOURCE.OBJ
C:\USERS\ANDREW BORG CARDONA\MY CODING\C++\ANDGINE\SOLUTION\LAB_1\DEBUG\TGAIMAGE.OBJ
C:\Users\Andrew Borg Cardona\My Coding\C++\ANDgine\Solution\Lab_1\Debug\vc100.idb
C:\USERS\ANDREW BORG CARDONA\MY CODING\C++\ANDGINE\SOLUTION\LAB_1\DEBUG\VC100.PDB
C:\USERS\ANDREW BORG CARDONA\MY CODING\C++\ANDGINE\SOLUTION\LAB_1\DEBUG\VERTEX3F.OBJ
