C:\USERS\GRAMPA\DOCUMENTS\VISUAL STUDIO 2010\PROJECTS\GAME_ENGINES\DEBUG\LAB_1.EXE
C:\USERS\GRAMPA\DOCUMENTS\VISUAL STUDIO 2010\PROJECTS\GAME_ENGINES\DEBUG\LAB_1.ILK
C:\USERS\GRAMPA\DOCUMENTS\VISUAL STUDIO 2010\PROJECTS\GAME_ENGINES\DEBUG\LAB_1.PDB
C:\Users\Grampa\Documents\Visual Studio 2010\Projects\Game_Engines\Lab_1\Debug\cl.command.1.tlog
C:\Users\Grampa\Documents\Visual Studio 2010\Projects\Game_Engines\Lab_1\Debug\CL.read.1.tlog
C:\Users\Grampa\Documents\Visual Studio 2010\Projects\Game_Engines\Lab_1\Debug\CL.write.1.tlog
C:\USERS\GRAMPA\DOCUMENTS\VISUAL STUDIO 2010\PROJECTS\GAME_ENGINES\LAB_1\DEBUG\CONTAINERNODE.OBJ
C:\USERS\GRAMPA\DOCUMENTS\VISUAL STUDIO 2010\PROJECTS\GAME_ENGINES\LAB_1\DEBUG\FRAMEINDEXBUFFER.OBJ
C:\USERS\GRAMPA\DOCUMENTS\VISUAL STUDIO 2010\PROJECTS\GAME_ENGINES\LAB_1\DEBUG\INPUTMANAGER.OBJ
C:\USERS\GRAMPA\DOCUMENTS\VISUAL STUDIO 2010\PROJECTS\GAME_ENGINES\LAB_1\DEBUG\LAB_1.EXE.INTERMEDIATE.MANIFEST
C:\USERS\GRAMPA\DOCUMENTS\VISUAL STUDIO 2010\PROJECTS\GAME_ENGINES\LAB_1\DEBUG\LAB_1.OBJ
C:\Users\Grampa\Documents\Visual Studio 2010\Projects\Game_Engines\Lab_1\Debug\link.command.1.tlog
C:\Users\Grampa\Documents\Visual Studio 2010\Projects\Game_Engines\Lab_1\Debug\link.read.1.tlog
C:\Users\Grampa\Documents\Visual Studio 2010\Projects\Game_Engines\Lab_1\Debug\link.write.1.tlog
C:\USERS\GRAMPA\DOCUMENTS\VISUAL STUDIO 2010\PROJECTS\GAME_ENGINES\LAB_1\DEBUG\MATRIX.OBJ
C:\USERS\GRAMPA\DOCUMENTS\VISUAL STUDIO 2010\PROJECTS\GAME_ENGINES\LAB_1\DEBUG\MATRIX_MULTIPLICATION.OBJ
C:\USERS\GRAMPA\DOCUMENTS\VISUAL STUDIO 2010\PROJECTS\GAME_ENGINES\LAB_1\DEBUG\MODELNODE.OBJ
C:\Users\Grampa\Documents\Visual Studio 2010\Projects\Game_Engines\Lab_1\Debug\mt.command.1.tlog
C:\Users\Grampa\Documents\Visual Studio 2010\Projects\Game_Engines\Lab_1\Debug\mt.read.1.tlog
C:\Users\Grampa\Documents\Visual Studio 2010\Projects\Game_Engines\Lab_1\Debug\mt.write.1.tlog
C:\USERS\GRAMPA\DOCUMENTS\VISUAL STUDIO 2010\PROJECTS\GAME_ENGINES\LAB_1\DEBUG\SCENENODE.OBJ
C:\Users\Grampa\Documents\Visual Studio 2010\Projects\Game_Engines\Lab_1\Debug\vc100.idb
C:\USERS\GRAMPA\DOCUMENTS\VISUAL STUDIO 2010\PROJECTS\GAME_ENGINES\LAB_1\DEBUG\VC100.PDB
C:\USERS\GRAMPA\DOCUMENTS\VISUAL STUDIO 2010\PROJECTS\GAME_ENGINES\LAB_1\DEBUG\VERTEX3F.OBJ
C:\USERS\GRAMPA\DOCUMENTS\VISUAL STUDIO 2010\PROJECTS\GAME_ENGINES\LAB_1\DEBUG\VERTEX4F.OBJ
C:\USERS\GRAMPA\DOCUMENTS\VISUAL STUDIO 2010\PROJECTS\GAME_ENGINES\LAB_1\DEBUG\VERTEXMANAGER.OBJ
