Build started 04.10.2011 12:57:38.
     1>Project "C:\Users\Grampa\Documents\Visual Studio 2010\Projects\Game_Engines\Lab_1\Lab_1.vcxproj" on node 2 (build target(s)).
     1>InitializeBuildStatus:
         Creating "Debug\Lab_1.unsuccessfulbuild" because "AlwaysCreate" was specified.
       ClCompile:
         c:\Program Files (x86)\Microsoft Visual Studio 10.0\VC\bin\CL.exe /c /ZI /nologo /W3 /WX- /Od /Oy- /D _MBCS /Gm /EHsc /RTC1 /MD /GS /fp:precise /Zc:wchar_t /Zc:forScope /Fo"Debug\\" /Fd"Debug\vc100.pdb" /Gd /TP /analyze- /errorReport:prompt Lab_1.cpp
         Lab_1.cpp
       Link:
         c:\Program Files (x86)\Microsoft Visual Studio 10.0\VC\bin\link.exe /ERRORREPORT:PROMPT /OUT:"C:\Users\Grampa\Documents\Visual Studio 2010\Projects\Game_Engines\Debug\Lab_1.exe" /NOLOGO SDL.lib SDLmain.lib opengl32.lib glu32.lib glew32.lib sdl.lib sdlmain.lib kernel32.lib user32.lib gdi32.lib winspool.lib comdlg32.lib advapi32.lib shell32.lib ole32.lib oleaut32.lib uuid.lib odbc32.lib odbccp32.lib /MANIFEST /ManifestFile:"Debug\Lab_1.exe.intermediate.manifest" /MANIFESTUAC:"level='asInvoker' uiAccess='false'" /DEBUG /PDB:"C:\Users\Grampa\Documents\Visual Studio 2010\Projects\Game_Engines\Debug\Lab_1.pdb" /SUBSYSTEM:WINDOWS /TLBID:1 /DYNAMICBASE /NXCOMPAT /IMPLIB:"C:\Users\Grampa\Documents\Visual Studio 2010\Projects\Game_Engines\Debug\Lab_1.lib" /MACHINE:X86 Debug\ContainerNode.obj
         Debug\FrameIndexBuffer.obj
         Debug\Lab_1.obj
         Debug\Matrix.obj
         Debug\ModelNode.obj
         Debug\SceneNode.obj
         Debug\Vertex3f.obj
         Debug\Vertex4f.obj
         Debug\VertexManager.obj
         LINK : C:\Users\Grampa\Documents\Visual Studio 2010\Projects\Game_Engines\Debug\Lab_1.exe not found or not built by the last incremental link; performing full link
         Lab_1.vcxproj -> C:\Users\Grampa\Documents\Visual Studio 2010\Projects\Game_Engines\Debug\Lab_1.exe
       Manifest:
         C:\Program Files (x86)\Microsoft SDKs\Windows\v7.0A\bin\mt.exe /nologo /verbose /outputresource:"C:\Users\Grampa\Documents\Visual Studio 2010\Projects\Game_Engines\Debug\Lab_1.exe;#1" /manifest Debug\Lab_1.exe.intermediate.manifest
       FinalizeBuildStatus:
         Deleting file "Debug\Lab_1.unsuccessfulbuild".
         Touching "Debug\Lab_1.lastbuildstate".
     1>Done Building Project "C:\Users\Grampa\Documents\Visual Studio 2010\Projects\Game_Engines\Lab_1\Lab_1.vcxproj" (build target(s)).

Build succeeded.

Time Elapsed 00:00:01.09
